<?xml version="1.0" encoding="UTF-8"?>
<!-- Generated by org.testng.reporters.JUnitReportReporter -->
<testsuite hostname="MSI" failures="0" tests="1" name="Umesha.TestNgClass" time="0.004" errors="0" timestamp="2022-09-27T00:45:34 IST" skipped="0">
  <testcase classname="Umesha.TestNgClass" name="test123" time="0.004"/>
  <system-out/>
</testsuite> <!-- Umesha.TestNgClass -->
